  Programa.cpp
C:\Users\MAVA\Documents\GitHub\Proyectos Escolares\Programacion 2\Proyecto Final Progra2\Proyecto Final Progra2\Programa.cpp(161,1): error C2664:  'HWND CreateDialogParamW(HINSTANCE,LPCWSTR,HWND,DLGPROC,LPARAM)': el argumento 4 no puede convertirse de 'BOOL (__cdecl *)(HWND,UINT,WPARAM,LPARAM)' a 'DLGPROC'
C:\Users\MAVA\Documents\GitHub\Proyectos Escolares\Programacion 2\Proyecto Final Progra2\Proyecto Final Progra2\Programa.cpp(161,1): message :  Ninguna de las funciones con este nombre en el ámbito coincide con el tipo de destino
C:\Users\MAVA\Documents\GitHub\Proyectos Escolares\Programacion 2\Proyecto Final Progra2\Proyecto Final Progra2\Programa.cpp(187,60): error C2664:  'DWORD GetModuleFileNameW(HMODULE,LPWSTR,DWORD)': el argumento 2 no puede convertirse de 'char [260]' a 'LPWSTR'
C:\Users\MAVA\Documents\GitHub\Proyectos Escolares\Programacion 2\Proyecto Final Progra2\Proyecto Final Progra2\Programa.cpp(187,26): message :  Los tipos señalados no están relacionados; la conversión requiere reinterpret_cast, conversión de estilo de C o conversión de estilo de función
C:\Users\MAVA\Documents\GitHub\Proyectos Escolares\Programacion 2\Proyecto Final Progra2\Proyecto Final Progra2\Programa.cpp(235,25): error C2440:  '=': no se puede realizar la conversión de 'char []' a 'LPWSTR'
C:\Users\MAVA\Documents\GitHub\Proyectos Escolares\Programacion 2\Proyecto Final Progra2\Proyecto Final Progra2\Programa.cpp(235,18): message :  Los tipos señalados no están relacionados; la conversión requiere reinterpret_cast, conversión de estilo de C o conversión de estilo de función
C:\Users\MAVA\Documents\GitHub\Proyectos Escolares\Programacion 2\Proyecto Final Progra2\Proyecto Final Progra2\Programa.cpp(241,34): error C2440:  '=': no se puede realizar la conversión de 'char [260]' a 'LPCWSTR'
C:\Users\MAVA\Documents\GitHub\Proyectos Escolares\Programacion 2\Proyecto Final Progra2\Proyecto Final Progra2\Programa.cpp(241,24): message :  Los tipos señalados no están relacionados; la conversión requiere reinterpret_cast, conversión de estilo de C o conversión de estilo de función
C:\Users\MAVA\Documents\GitHub\Proyectos Escolares\Programacion 2\Proyecto Final Progra2\Proyecto Final Progra2\Programa.cpp(245,56): error C2440:  '=': no se puede realizar la conversión de 'const char [30]' a 'LPCWSTR'
C:\Users\MAVA\Documents\GitHub\Proyectos Escolares\Programacion 2\Proyecto Final Progra2\Proyecto Final Progra2\Programa.cpp(245,21): message :  Los tipos señalados no están relacionados; la conversión requiere reinterpret_cast, conversión de estilo de C o conversión de estilo de función
C:\Users\MAVA\Documents\GitHub\Proyectos Escolares\Programacion 2\Proyecto Final Progra2\Proyecto Final Progra2\Programa.cpp(247,54): error C2440:  '=': no se puede realizar la conversión de 'const char [28]' a 'LPCWSTR'
C:\Users\MAVA\Documents\GitHub\Proyectos Escolares\Programacion 2\Proyecto Final Progra2\Proyecto Final Progra2\Programa.cpp(247,21): message :  Los tipos señalados no están relacionados; la conversión requiere reinterpret_cast, conversión de estilo de C o conversión de estilo de función
C:\Users\MAVA\Documents\GitHub\Proyectos Escolares\Programacion 2\Proyecto Final Progra2\Proyecto Final Progra2\Programa.cpp(253,86): error C2664:  'int MessageBoxW(HWND,LPCWSTR,LPCWSTR,UINT)': el argumento 2 no puede convertirse de 'const char [24]' a 'LPCWSTR'
C:\Users\MAVA\Documents\GitHub\Proyectos Escolares\Programacion 2\Proyecto Final Progra2\Proyecto Final Progra2\Programa.cpp(253,23): message :  Los tipos señalados no están relacionados; la conversión requiere reinterpret_cast, conversión de estilo de C o conversión de estilo de función
C:\Users\MAVA\Documents\GitHub\Proyectos Escolares\Programacion 2\Proyecto Final Progra2\Proyecto Final Progra2\Programa.cpp(267,99): error C2664:  'int MessageBoxW(HWND,LPCWSTR,LPCWSTR,UINT)': el argumento 2 no puede convertirse de 'const char [37]' a 'LPCWSTR'
C:\Users\MAVA\Documents\GitHub\Proyectos Escolares\Programacion 2\Proyecto Final Progra2\Proyecto Final Progra2\Programa.cpp(267,24): message :  Los tipos señalados no están relacionados; la conversión requiere reinterpret_cast, conversión de estilo de C o conversión de estilo de función
C:\Users\MAVA\Documents\GitHub\Proyectos Escolares\Programacion 2\Proyecto Final Progra2\Proyecto Final Progra2\Programa.cpp(320,40): error C2664:  'MCIERROR mciSendStringW(LPCWSTR,LPWSTR,UINT,HWND)': el argumento 1 no puede convertirse de 'char [260]' a 'LPCWSTR'
C:\Users\MAVA\Documents\GitHub\Proyectos Escolares\Programacion 2\Proyecto Final Progra2\Proyecto Final Progra2\Programa.cpp(320,21): message :  Los tipos señalados no están relacionados; la conversión requiere reinterpret_cast, conversión de estilo de C o conversión de estilo de función
C:\Users\MAVA\Documents\GitHub\Proyectos Escolares\Programacion 2\Proyecto Final Progra2\Proyecto Final Progra2\Programa.cpp(321,43): error C2664:  'MCIERROR mciSendStringW(LPCWSTR,LPWSTR,UINT,HWND)': el argumento 1 no puede convertirse de 'const char [9]' a 'LPCWSTR'
C:\Users\MAVA\Documents\GitHub\Proyectos Escolares\Programacion 2\Proyecto Final Progra2\Proyecto Final Progra2\Programa.cpp(321,21): message :  Los tipos señalados no están relacionados; la conversión requiere reinterpret_cast, conversión de estilo de C o conversión de estilo de función
C:\Users\MAVA\Documents\GitHub\Proyectos Escolares\Programacion 2\Proyecto Final Progra2\Proyecto Final Progra2\Programa.cpp(323,7): error C2664:  'INT_PTR DialogBoxParamW(HINSTANCE,LPCWSTR,HWND,DLGPROC,LPARAM)': el argumento 4 no puede convertirse de 'BOOL (__cdecl *)(HWND,UINT,WPARAM,LPARAM)' a 'DLGPROC'
C:\Users\MAVA\Documents\GitHub\Proyectos Escolares\Programacion 2\Proyecto Final Progra2\Proyecto Final Progra2\Programa.cpp(323,7): message :  Ninguna de las funciones con este nombre en el ámbito coincide con el tipo de destino
C:\Users\MAVA\Documents\GitHub\Proyectos Escolares\Programacion 2\Proyecto Final Progra2\Proyecto Final Progra2\Programa.cpp(324,43): error C2664:  'MCIERROR mciSendStringW(LPCWSTR,LPWSTR,UINT,HWND)': el argumento 1 no puede convertirse de 'const char [9]' a 'LPCWSTR'
C:\Users\MAVA\Documents\GitHub\Proyectos Escolares\Programacion 2\Proyecto Final Progra2\Proyecto Final Progra2\Programa.cpp(324,21): message :  Los tipos señalados no están relacionados; la conversión requiere reinterpret_cast, conversión de estilo de C o conversión de estilo de función
C:\Users\MAVA\Documents\GitHub\Proyectos Escolares\Programacion 2\Proyecto Final Progra2\Proyecto Final Progra2\Programa.cpp(325,44): error C2664:  'MCIERROR mciSendStringW(LPCWSTR,LPWSTR,UINT,HWND)': el argumento 1 no puede convertirse de 'const char [10]' a 'LPCWSTR'
C:\Users\MAVA\Documents\GitHub\Proyectos Escolares\Programacion 2\Proyecto Final Progra2\Proyecto Final Progra2\Programa.cpp(325,21): message :  Los tipos señalados no están relacionados; la conversión requiere reinterpret_cast, conversión de estilo de C o conversión de estilo de función
C:\Users\MAVA\Documents\GitHub\Proyectos Escolares\Programacion 2\Proyecto Final Progra2\Proyecto Final Progra2\Programa.cpp(501,6): error C2664:  'int MessageBoxW(HWND,LPCWSTR,LPCWSTR,UINT)': el argumento 2 no puede convertirse de 'const char [53]' a 'LPCWSTR'
C:\Users\MAVA\Documents\GitHub\Proyectos Escolares\Programacion 2\Proyecto Final Progra2\Proyecto Final Progra2\Programa.cpp(501,24): message :  Los tipos señalados no están relacionados; la conversión requiere reinterpret_cast, conversión de estilo de C o conversión de estilo de función
C:\Users\MAVA\Documents\GitHub\Proyectos Escolares\Programacion 2\Proyecto Final Progra2\Proyecto Final Progra2\Programa.cpp(509,4): error C2664:  'INT_PTR DialogBoxParamW(HINSTANCE,LPCWSTR,HWND,DLGPROC,LPARAM)': el argumento 4 no puede convertirse de 'BOOL (__cdecl *)(HWND,UINT,WPARAM,LPARAM)' a 'DLGPROC'
C:\Users\MAVA\Documents\GitHub\Proyectos Escolares\Programacion 2\Proyecto Final Progra2\Proyecto Final Progra2\Programa.cpp(509,4): message :  Ninguna de las funciones con este nombre en el ámbito coincide con el tipo de destino
C:\Users\MAVA\Documents\GitHub\Proyectos Escolares\Programacion 2\Proyecto Final Progra2\Proyecto Final Progra2\Programa.cpp(514,102): error C2664:  'int MessageBoxW(HWND,LPCWSTR,LPCWSTR,UINT)': el argumento 2 no puede convertirse de 'const char [42]' a 'LPCWSTR'
C:\Users\MAVA\Documents\GitHub\Proyectos Escolares\Programacion 2\Proyecto Final Progra2\Proyecto Final Progra2\Programa.cpp(514,20): message :  Los tipos señalados no están relacionados; la conversión requiere reinterpret_cast, conversión de estilo de C o conversión de estilo de función
C:\Users\MAVA\Documents\GitHub\Proyectos Escolares\Programacion 2\Proyecto Final Progra2\Proyecto Final Progra2\Programa.cpp(524,3): error C2664:  'INT_PTR DialogBoxParamW(HINSTANCE,LPCWSTR,HWND,DLGPROC,LPARAM)': el argumento 4 no puede convertirse de 'BOOL (__cdecl *)(HWND,UINT,WPARAM,LPARAM)' a 'DLGPROC'
C:\Users\MAVA\Documents\GitHub\Proyectos Escolares\Programacion 2\Proyecto Final Progra2\Proyecto Final Progra2\Programa.cpp(524,3): message :  Ninguna de las funciones con este nombre en el ámbito coincide con el tipo de destino
C:\Users\MAVA\Documents\GitHub\Proyectos Escolares\Programacion 2\Proyecto Final Progra2\Proyecto Final Progra2\Programa.cpp(533,6): error C2664:  'int MessageBoxW(HWND,LPCWSTR,LPCWSTR,UINT)': el argumento 2 no puede convertirse de 'const char [52]' a 'LPCWSTR'
C:\Users\MAVA\Documents\GitHub\Proyectos Escolares\Programacion 2\Proyecto Final Progra2\Proyecto Final Progra2\Programa.cpp(533,24): message :  Los tipos señalados no están relacionados; la conversión requiere reinterpret_cast, conversión de estilo de C o conversión de estilo de función
C:\Users\MAVA\Documents\GitHub\Proyectos Escolares\Programacion 2\Proyecto Final Progra2\Proyecto Final Progra2\Programa.cpp(552,4): error C2664:  'INT_PTR DialogBoxParamW(HINSTANCE,LPCWSTR,HWND,DLGPROC,LPARAM)': el argumento 4 no puede convertirse de 'BOOL (__cdecl *)(HWND,UINT,WPARAM,LPARAM)' a 'DLGPROC'
C:\Users\MAVA\Documents\GitHub\Proyectos Escolares\Programacion 2\Proyecto Final Progra2\Proyecto Final Progra2\Programa.cpp(552,4): message :  Ninguna de las funciones con este nombre en el ámbito coincide con el tipo de destino
C:\Users\MAVA\Documents\GitHub\Proyectos Escolares\Programacion 2\Proyecto Final Progra2\Proyecto Final Progra2\Programa.cpp(575,3): error C2664:  'INT_PTR DialogBoxParamW(HINSTANCE,LPCWSTR,HWND,DLGPROC,LPARAM)': el argumento 4 no puede convertirse de 'BOOL (__cdecl *)(HWND,UINT,WPARAM,LPARAM)' a 'DLGPROC'
C:\Users\MAVA\Documents\GitHub\Proyectos Escolares\Programacion 2\Proyecto Final Progra2\Proyecto Final Progra2\Programa.cpp(575,3): message :  Ninguna de las funciones con este nombre en el ámbito coincide con el tipo de destino
C:\Users\MAVA\Documents\GitHub\Proyectos Escolares\Programacion 2\Proyecto Final Progra2\Proyecto Final Progra2\Programa.cpp(584,17): warning C4244:  'inicializando': conversión de 'LRESULT' a 'int'; posible pérdida de datos
C:\Users\MAVA\Documents\GitHub\Proyectos Escolares\Programacion 2\Proyecto Final Progra2\Proyecto Final Progra2\Programa.cpp(600,27): warning C4244:  '=': conversión de 'LRESULT' a 'int'; posible pérdida de datos
C:\Users\MAVA\Documents\GitHub\Proyectos Escolares\Programacion 2\Proyecto Final Progra2\Proyecto Final Progra2\Programa.cpp(632,73): error C2664:  'int MessageBoxW(HWND,LPCWSTR,LPCWSTR,UINT)': el argumento 2 no puede convertirse de 'const char [35]' a 'LPCWSTR'
C:\Users\MAVA\Documents\GitHub\Proyectos Escolares\Programacion 2\Proyecto Final Progra2\Proyecto Final Progra2\Programa.cpp(632,22): message :  Los tipos señalados no están relacionados; la conversión requiere reinterpret_cast, conversión de estilo de C o conversión de estilo de función
C:\Users\MAVA\Documents\GitHub\Proyectos Escolares\Programacion 2\Proyecto Final Progra2\Proyecto Final Progra2\Programa.cpp(643,15): warning C4244:  'inicializando': conversión de 'LRESULT' a 'int'; posible pérdida de datos
C:\Users\MAVA\Documents\GitHub\Proyectos Escolares\Programacion 2\Proyecto Final Progra2\Proyecto Final Progra2\Programa.cpp(920,10): warning C4244:  'inicializando': conversión de 'LRESULT' a 'int'; posible pérdida de datos
C:\Users\MAVA\Documents\GitHub\Proyectos Escolares\Programacion 2\Proyecto Final Progra2\Proyecto Final Progra2\Programa.cpp(1101,88): error C2664:  'HANDLE LoadImageW(HINSTANCE,LPCWSTR,UINT,int,int,UINT)': el argumento 2 no puede convertirse de 'char [260]' a 'LPCWSTR'
C:\Users\MAVA\Documents\GitHub\Proyectos Escolares\Programacion 2\Proyecto Final Progra2\Proyecto Final Progra2\Programa.cpp(1101,36): message :  Los tipos señalados no están relacionados; la conversión requiere reinterpret_cast, conversión de estilo de C o conversión de estilo de función
C:\Users\MAVA\Documents\GitHub\Proyectos Escolares\Programacion 2\Proyecto Final Progra2\Proyecto Final Progra2\Programa.cpp(1171,88): error C2664:  'HANDLE LoadImageW(HINSTANCE,LPCWSTR,UINT,int,int,UINT)': el argumento 2 no puede convertirse de 'char [260]' a 'LPCWSTR'
C:\Users\MAVA\Documents\GitHub\Proyectos Escolares\Programacion 2\Proyecto Final Progra2\Proyecto Final Progra2\Programa.cpp(1171,37): message :  Los tipos señalados no están relacionados; la conversión requiere reinterpret_cast, conversión de estilo de C o conversión de estilo de función
C:\Users\MAVA\Documents\GitHub\Proyectos Escolares\Programacion 2\Proyecto Final Progra2\Proyecto Final Progra2\Programa.cpp(1187,16): warning C4244:  'inicializando': conversión de 'LRESULT' a 'int'; posible pérdida de datos
C:\Users\MAVA\Documents\GitHub\Proyectos Escolares\Programacion 2\Proyecto Final Progra2\Proyecto Final Progra2\Programa.cpp(1258,87): error C2664:  'HANDLE LoadImageW(HINSTANCE,LPCWSTR,UINT,int,int,UINT)': el argumento 2 no puede convertirse de 'char [260]' a 'LPCWSTR'
C:\Users\MAVA\Documents\GitHub\Proyectos Escolares\Programacion 2\Proyecto Final Progra2\Proyecto Final Progra2\Programa.cpp(1258,36): message :  Los tipos señalados no están relacionados; la conversión requiere reinterpret_cast, conversión de estilo de C o conversión de estilo de función
C:\Users\MAVA\Documents\GitHub\Proyectos Escolares\Programacion 2\Proyecto Final Progra2\Proyecto Final Progra2\Programa.cpp(1306,18): warning C4244:  'inicializando': conversión de 'LRESULT' a 'int'; posible pérdida de datos
C:\Users\MAVA\Documents\GitHub\Proyectos Escolares\Programacion 2\Proyecto Final Progra2\Proyecto Final Progra2\Programa.cpp(1334,87): error C2664:  'HANDLE LoadImageW(HINSTANCE,LPCWSTR,UINT,int,int,UINT)': el argumento 2 no puede convertirse de 'char [260]' a 'LPCWSTR'
C:\Users\MAVA\Documents\GitHub\Proyectos Escolares\Programacion 2\Proyecto Final Progra2\Proyecto Final Progra2\Programa.cpp(1334,36): message :  Los tipos señalados no están relacionados; la conversión requiere reinterpret_cast, conversión de estilo de C o conversión de estilo de función
C:\Users\MAVA\Documents\GitHub\Proyectos Escolares\Programacion 2\Proyecto Final Progra2\Proyecto Final Progra2\Programa.cpp(1347,88): error C2664:  'HANDLE LoadImageW(HINSTANCE,LPCWSTR,UINT,int,int,UINT)': el argumento 2 no puede convertirse de 'char [260]' a 'LPCWSTR'
C:\Users\MAVA\Documents\GitHub\Proyectos Escolares\Programacion 2\Proyecto Final Progra2\Proyecto Final Progra2\Programa.cpp(1347,36): message :  Los tipos señalados no están relacionados; la conversión requiere reinterpret_cast, conversión de estilo de C o conversión de estilo de función
C:\Users\MAVA\Documents\GitHub\Proyectos Escolares\Programacion 2\Proyecto Final Progra2\Proyecto Final Progra2\Programa.cpp(1365,87): error C2664:  'HANDLE LoadImageW(HINSTANCE,LPCWSTR,UINT,int,int,UINT)': el argumento 2 no puede convertirse de 'char [260]' a 'LPCWSTR'
C:\Users\MAVA\Documents\GitHub\Proyectos Escolares\Programacion 2\Proyecto Final Progra2\Proyecto Final Progra2\Programa.cpp(1365,37): message :  Los tipos señalados no están relacionados; la conversión requiere reinterpret_cast, conversión de estilo de C o conversión de estilo de función
C:\Users\MAVA\Documents\GitHub\Proyectos Escolares\Programacion 2\Proyecto Final Progra2\Proyecto Final Progra2\Programa.cpp(1397,17): warning C4244:  'inicializando': conversión de 'LRESULT' a 'int'; posible pérdida de datos
C:\Users\MAVA\Documents\GitHub\Proyectos Escolares\Programacion 2\Proyecto Final Progra2\Proyecto Final Progra2\Programa.cpp(1638,10): error C2664:  'int MessageBoxW(HWND,LPCWSTR,LPCWSTR,UINT)': el argumento 2 no puede convertirse de 'const char [63]' a 'LPCWSTR'
C:\Users\MAVA\Documents\GitHub\Proyectos Escolares\Programacion 2\Proyecto Final Progra2\Proyecto Final Progra2\Programa.cpp(1638,28): message :  Los tipos señalados no están relacionados; la conversión requiere reinterpret_cast, conversión de estilo de C o conversión de estilo de función
C:\Users\MAVA\Documents\GitHub\Proyectos Escolares\Programacion 2\Proyecto Final Progra2\Proyecto Final Progra2\Programa.cpp(1643,103): error C2664:  'int MessageBoxW(HWND,LPCWSTR,LPCWSTR,UINT)': el argumento 2 no puede convertirse de 'const char [41]' a 'LPCWSTR'
C:\Users\MAVA\Documents\GitHub\Proyectos Escolares\Programacion 2\Proyecto Final Progra2\Proyecto Final Progra2\Programa.cpp(1643,24): message :  Los tipos señalados no están relacionados; la conversión requiere reinterpret_cast, conversión de estilo de C o conversión de estilo de función
C:\Users\MAVA\Documents\GitHub\Proyectos Escolares\Programacion 2\Proyecto Final Progra2\Proyecto Final Progra2\Programa.cpp(1650,106): error C2664:  'int MessageBoxW(HWND,LPCWSTR,LPCWSTR,UINT)': el argumento 2 no puede convertirse de 'const char [44]' a 'LPCWSTR'
C:\Users\MAVA\Documents\GitHub\Proyectos Escolares\Programacion 2\Proyecto Final Progra2\Proyecto Final Progra2\Programa.cpp(1650,24): message :  Los tipos señalados no están relacionados; la conversión requiere reinterpret_cast, conversión de estilo de C o conversión de estilo de función
C:\Users\MAVA\Documents\GitHub\Proyectos Escolares\Programacion 2\Proyecto Final Progra2\Proyecto Final Progra2\Programa.cpp(1652,126): error C2664:  'int MessageBoxW(HWND,LPCWSTR,LPCWSTR,UINT)': el argumento 2 no puede convertirse de 'const char [64]' a 'LPCWSTR'
C:\Users\MAVA\Documents\GitHub\Proyectos Escolares\Programacion 2\Proyecto Final Progra2\Proyecto Final Progra2\Programa.cpp(1652,24): message :  Los tipos señalados no están relacionados; la conversión requiere reinterpret_cast, conversión de estilo de C o conversión de estilo de función
C:\Users\MAVA\Documents\GitHub\Proyectos Escolares\Programacion 2\Proyecto Final Progra2\Proyecto Final Progra2\Programa.cpp(1672,88): error C2664:  'HANDLE LoadImageW(HINSTANCE,LPCWSTR,UINT,int,int,UINT)': el argumento 2 no puede convertirse de 'char [260]' a 'LPCWSTR'
C:\Users\MAVA\Documents\GitHub\Proyectos Escolares\Programacion 2\Proyecto Final Progra2\Proyecto Final Progra2\Programa.cpp(1672,36): message :  Los tipos señalados no están relacionados; la conversión requiere reinterpret_cast, conversión de estilo de C o conversión de estilo de función
C:\Users\MAVA\Documents\GitHub\Proyectos Escolares\Programacion 2\Proyecto Final Progra2\Proyecto Final Progra2\Programa.cpp(1683,7): error C2664:  'int MessageBoxW(HWND,LPCWSTR,LPCWSTR,UINT)': el argumento 2 no puede convertirse de 'const char [48]' a 'LPCWSTR'
C:\Users\MAVA\Documents\GitHub\Proyectos Escolares\Programacion 2\Proyecto Final Progra2\Proyecto Final Progra2\Programa.cpp(1683,25): message :  Los tipos señalados no están relacionados; la conversión requiere reinterpret_cast, conversión de estilo de C o conversión de estilo de función
C:\Users\MAVA\Documents\GitHub\Proyectos Escolares\Programacion 2\Proyecto Final Progra2\Proyecto Final Progra2\Programa.cpp(1697,6): error C2664:  'int MessageBoxW(HWND,LPCWSTR,LPCWSTR,UINT)': el argumento 2 no puede convertirse de 'const char [28]' a 'LPCWSTR'
C:\Users\MAVA\Documents\GitHub\Proyectos Escolares\Programacion 2\Proyecto Final Progra2\Proyecto Final Progra2\Programa.cpp(1697,25): message :  Los tipos señalados no están relacionados; la conversión requiere reinterpret_cast, conversión de estilo de C o conversión de estilo de función
C:\Users\MAVA\Documents\GitHub\Proyectos Escolares\Programacion 2\Proyecto Final Progra2\Proyecto Final Progra2\Programa.cpp(1760,14): warning C4244:  'inicializando': conversión de 'LRESULT' a 'int'; posible pérdida de datos
C:\Users\MAVA\Documents\GitHub\Proyectos Escolares\Programacion 2\Proyecto Final Progra2\Proyecto Final Progra2\Programa.cpp(1770,14): warning C4244:  'inicializando': conversión de 'LRESULT' a 'int'; posible pérdida de datos
C:\Users\MAVA\Documents\GitHub\Proyectos Escolares\Programacion 2\Proyecto Final Progra2\Proyecto Final Progra2\Programa.cpp(1786,4): error C2664:  'INT_PTR DialogBoxParamW(HINSTANCE,LPCWSTR,HWND,DLGPROC,LPARAM)': el argumento 4 no puede convertirse de 'BOOL (__cdecl *)(HWND,UINT,WPARAM,LPARAM)' a 'DLGPROC'
C:\Users\MAVA\Documents\GitHub\Proyectos Escolares\Programacion 2\Proyecto Final Progra2\Proyecto Final Progra2\Programa.cpp(1786,4): message :  Ninguna de las funciones con este nombre en el ámbito coincide con el tipo de destino
C:\Users\MAVA\Documents\GitHub\Proyectos Escolares\Programacion 2\Proyecto Final Progra2\Proyecto Final Progra2\Programa.cpp(1790,5): error C2664:  'INT_PTR DialogBoxParamW(HINSTANCE,LPCWSTR,HWND,DLGPROC,LPARAM)': el argumento 4 no puede convertirse de 'BOOL (__cdecl *)(HWND,UINT,WPARAM,LPARAM)' a 'DLGPROC'
C:\Users\MAVA\Documents\GitHub\Proyectos Escolares\Programacion 2\Proyecto Final Progra2\Proyecto Final Progra2\Programa.cpp(1790,5): message :  Ninguna de las funciones con este nombre en el ámbito coincide con el tipo de destino
C:\Users\MAVA\Documents\GitHub\Proyectos Escolares\Programacion 2\Proyecto Final Progra2\Proyecto Final Progra2\Programa.cpp(1798,79): error C2664:  'int MessageBoxW(HWND,LPCWSTR,LPCWSTR,UINT)': el argumento 2 no puede convertirse de 'const char [40]' a 'LPCWSTR'
C:\Users\MAVA\Documents\GitHub\Proyectos Escolares\Programacion 2\Proyecto Final Progra2\Proyecto Final Progra2\Programa.cpp(1798,22): message :  Los tipos señalados no están relacionados; la conversión requiere reinterpret_cast, conversión de estilo de C o conversión de estilo de función
C:\Users\MAVA\Documents\GitHub\Proyectos Escolares\Programacion 2\Proyecto Final Progra2\Proyecto Final Progra2\Programa.cpp(1806,22): warning C4244:  'inicializando': conversión de 'LRESULT' a 'int'; posible pérdida de datos
C:\Users\MAVA\Documents\GitHub\Proyectos Escolares\Programacion 2\Proyecto Final Progra2\Proyecto Final Progra2\Programa.cpp(1807,26): warning C4244:  'inicializando': conversión de 'LRESULT' a 'int'; posible pérdida de datos
C:\Users\MAVA\Documents\GitHub\Proyectos Escolares\Programacion 2\Proyecto Final Progra2\Proyecto Final Progra2\Programa.cpp(1819,43): warning C4244:  '=': conversión de 'LRESULT' a 'int'; posible pérdida de datos
C:\Users\MAVA\Documents\GitHub\Proyectos Escolares\Programacion 2\Proyecto Final Progra2\Proyecto Final Progra2\Programa.cpp(1932,26): warning C4244:  '=': conversión de 'LRESULT' a 'int'; posible pérdida de datos
C:\Users\MAVA\Documents\GitHub\Proyectos Escolares\Programacion 2\Proyecto Final Progra2\Proyecto Final Progra2\Programa.cpp(1951,26): warning C4244:  '=': conversión de 'LRESULT' a 'int'; posible pérdida de datos
C:\Users\MAVA\Documents\GitHub\Proyectos Escolares\Programacion 2\Proyecto Final Progra2\Proyecto Final Progra2\Programa.cpp(1959,26): warning C4244:  '=': conversión de 'LRESULT' a 'int'; posible pérdida de datos
C:\Users\MAVA\Documents\GitHub\Proyectos Escolares\Programacion 2\Proyecto Final Progra2\Proyecto Final Progra2\Programa.cpp(1981,26): warning C4244:  '=': conversión de 'LRESULT' a 'int'; posible pérdida de datos
C:\Users\MAVA\Documents\GitHub\Proyectos Escolares\Programacion 2\Proyecto Final Progra2\Proyecto Final Progra2\Programa.cpp(1989,26): warning C4244:  '=': conversión de 'LRESULT' a 'int'; posible pérdida de datos
C:\Users\MAVA\Documents\GitHub\Proyectos Escolares\Programacion 2\Proyecto Final Progra2\Proyecto Final Progra2\Programa.cpp(2047,14): warning C4244:  'inicializando': conversión de 'LRESULT' a 'int'; posible pérdida de datos
C:\Users\MAVA\Documents\GitHub\Proyectos Escolares\Programacion 2\Proyecto Final Progra2\Proyecto Final Progra2\Programa.cpp(2062,10): error C2664:  'int MessageBoxW(HWND,LPCWSTR,LPCWSTR,UINT)': el argumento 2 no puede convertirse de 'const char [110]' a 'LPCWSTR'
C:\Users\MAVA\Documents\GitHub\Proyectos Escolares\Programacion 2\Proyecto Final Progra2\Proyecto Final Progra2\Programa.cpp(2062,28): message :  Los tipos señalados no están relacionados; la conversión requiere reinterpret_cast, conversión de estilo de C o conversión de estilo de función
C:\Users\MAVA\Documents\GitHub\Proyectos Escolares\Programacion 2\Proyecto Final Progra2\Proyecto Final Progra2\Programa.cpp(2095,103): error C2664:  'int MessageBoxW(HWND,LPCWSTR,LPCWSTR,UINT)': el argumento 2 no puede convertirse de 'const char [62]' a 'LPCWSTR'
C:\Users\MAVA\Documents\GitHub\Proyectos Escolares\Programacion 2\Proyecto Final Progra2\Proyecto Final Progra2\Programa.cpp(2095,24): message :  Los tipos señalados no están relacionados; la conversión requiere reinterpret_cast, conversión de estilo de C o conversión de estilo de función
C:\Users\MAVA\Documents\GitHub\Proyectos Escolares\Programacion 2\Proyecto Final Progra2\Proyecto Final Progra2\Programa.cpp(2100,375): error C2664:  'int MessageBoxW(HWND,LPCWSTR,LPCWSTR,UINT)': el argumento 2 no puede convertirse de 'const char [301]' a 'LPCWSTR'
C:\Users\MAVA\Documents\GitHub\Proyectos Escolares\Programacion 2\Proyecto Final Progra2\Proyecto Final Progra2\Programa.cpp(2100,31): message :  Los tipos señalados no están relacionados; la conversión requiere reinterpret_cast, conversión de estilo de C o conversión de estilo de función
C:\Users\MAVA\Documents\GitHub\Proyectos Escolares\Programacion 2\Proyecto Final Progra2\Proyecto Final Progra2\Programa.cpp(2139,99): error C2664:  'int MessageBoxW(HWND,LPCWSTR,LPCWSTR,UINT)': el argumento 2 no puede convertirse de 'const char [58]' a 'LPCWSTR'
C:\Users\MAVA\Documents\GitHub\Proyectos Escolares\Programacion 2\Proyecto Final Progra2\Proyecto Final Progra2\Programa.cpp(2139,24): message :  Los tipos señalados no están relacionados; la conversión requiere reinterpret_cast, conversión de estilo de C o conversión de estilo de función
C:\Users\MAVA\Documents\GitHub\Proyectos Escolares\Programacion 2\Proyecto Final Progra2\Proyecto Final Progra2\Programa.cpp(2146,13): warning C4244:  'inicializando': conversión de 'LRESULT' a 'int'; posible pérdida de datos
C:\Users\MAVA\Documents\GitHub\Proyectos Escolares\Programacion 2\Proyecto Final Progra2\Proyecto Final Progra2\Programa.cpp(2188,84): error C2664:  'int MessageBoxW(HWND,LPCWSTR,LPCWSTR,UINT)': el argumento 2 no puede convertirse de 'const char [43]' a 'LPCWSTR'
C:\Users\MAVA\Documents\GitHub\Proyectos Escolares\Programacion 2\Proyecto Final Progra2\Proyecto Final Progra2\Programa.cpp(2188,24): message :  Los tipos señalados no están relacionados; la conversión requiere reinterpret_cast, conversión de estilo de C o conversión de estilo de función
C:\Users\MAVA\Documents\GitHub\Proyectos Escolares\Programacion 2\Proyecto Final Progra2\Proyecto Final Progra2\Programa.cpp(2193,9): error C2664:  'int MessageBoxW(HWND,LPCWSTR,LPCWSTR,UINT)': el argumento 2 no puede convertirse de 'const char [103]' a 'LPCWSTR'
C:\Users\MAVA\Documents\GitHub\Proyectos Escolares\Programacion 2\Proyecto Final Progra2\Proyecto Final Progra2\Programa.cpp(2193,27): message :  Los tipos señalados no están relacionados; la conversión requiere reinterpret_cast, conversión de estilo de C o conversión de estilo de función
C:\Users\MAVA\Documents\GitHub\Proyectos Escolares\Programacion 2\Proyecto Final Progra2\Proyecto Final Progra2\Programa.cpp(2198,14): warning C4244:  'inicializando': conversión de 'LRESULT' a 'int'; posible pérdida de datos
C:\Users\MAVA\Documents\GitHub\Proyectos Escolares\Programacion 2\Proyecto Final Progra2\Proyecto Final Progra2\Programa.cpp(2239,83): error C2664:  'int MessageBoxW(HWND,LPCWSTR,LPCWSTR,UINT)': el argumento 2 no puede convertirse de 'const char [42]' a 'LPCWSTR'
C:\Users\MAVA\Documents\GitHub\Proyectos Escolares\Programacion 2\Proyecto Final Progra2\Proyecto Final Progra2\Programa.cpp(2239,24): message :  Los tipos señalados no están relacionados; la conversión requiere reinterpret_cast, conversión de estilo de C o conversión de estilo de función
C:\Users\MAVA\Documents\GitHub\Proyectos Escolares\Programacion 2\Proyecto Final Progra2\Proyecto Final Progra2\Programa.cpp(2245,89): error C2664:  'int MessageBoxW(HWND,LPCWSTR,LPCWSTR,UINT)': el argumento 2 no puede convertirse de 'const char [44]' a 'LPCWSTR'
C:\Users\MAVA\Documents\GitHub\Proyectos Escolares\Programacion 2\Proyecto Final Progra2\Proyecto Final Progra2\Programa.cpp(2245,22): message :  Los tipos señalados no están relacionados; la conversión requiere reinterpret_cast, conversión de estilo de C o conversión de estilo de función
C:\Users\MAVA\Documents\GitHub\Proyectos Escolares\Programacion 2\Proyecto Final Progra2\Proyecto Final Progra2\Programa.cpp(2247,37): warning C4244:  '=': conversión de 'LRESULT' a 'int'; posible pérdida de datos
C:\Users\MAVA\Documents\GitHub\Proyectos Escolares\Programacion 2\Proyecto Final Progra2\Proyecto Final Progra2\Programa.cpp(2262,16): warning C4244:  'inicializando': conversión de 'LRESULT' a 'int'; posible pérdida de datos
C:\Users\MAVA\Documents\GitHub\Proyectos Escolares\Programacion 2\Proyecto Final Progra2\Proyecto Final Progra2\Programa.cpp(2354,18): warning C4244:  'inicializando': conversión de 'LRESULT' a 'int'; posible pérdida de datos
C:\Users\MAVA\Documents\GitHub\Proyectos Escolares\Programacion 2\Proyecto Final Progra2\Proyecto Final Progra2\Programa.cpp(2475,94): error C2664:  'int MessageBoxW(HWND,LPCWSTR,LPCWSTR,UINT)': el argumento 2 no puede convertirse de 'const char [27]' a 'LPCWSTR'
C:\Users\MAVA\Documents\GitHub\Proyectos Escolares\Programacion 2\Proyecto Final Progra2\Proyecto Final Progra2\Programa.cpp(2475,23): message :  Los tipos señalados no están relacionados; la conversión requiere reinterpret_cast, conversión de estilo de C o conversión de estilo de función
C:\Users\MAVA\Documents\GitHub\Proyectos Escolares\Programacion 2\Proyecto Final Progra2\Proyecto Final Progra2\Programa.cpp(2482,4): error C2664:  'INT_PTR DialogBoxParamW(HINSTANCE,LPCWSTR,HWND,DLGPROC,LPARAM)': el argumento 4 no puede convertirse de 'BOOL (__cdecl *)(HWND,UINT,WPARAM,LPARAM)' a 'DLGPROC'
C:\Users\MAVA\Documents\GitHub\Proyectos Escolares\Programacion 2\Proyecto Final Progra2\Proyecto Final Progra2\Programa.cpp(2482,4): message :  Ninguna de las funciones con este nombre en el ámbito coincide con el tipo de destino
C:\Users\MAVA\Documents\GitHub\Proyectos Escolares\Programacion 2\Proyecto Final Progra2\Proyecto Final Progra2\Programa.cpp(2486,7): error C2664:  'int MessageBoxW(HWND,LPCWSTR,LPCWSTR,UINT)': el argumento 2 no puede convertirse de 'const char [98]' a 'LPCWSTR'
C:\Users\MAVA\Documents\GitHub\Proyectos Escolares\Programacion 2\Proyecto Final Progra2\Proyecto Final Progra2\Programa.cpp(2486,25): message :  Los tipos señalados no están relacionados; la conversión requiere reinterpret_cast, conversión de estilo de C o conversión de estilo de función
C:\Users\MAVA\Documents\GitHub\Proyectos Escolares\Programacion 2\Proyecto Final Progra2\Proyecto Final Progra2\Programa.cpp(2491,4): error C2664:  'INT_PTR DialogBoxParamW(HINSTANCE,LPCWSTR,HWND,DLGPROC,LPARAM)': el argumento 4 no puede convertirse de 'BOOL (__cdecl *)(HWND,UINT,WPARAM,LPARAM)' a 'DLGPROC'
C:\Users\MAVA\Documents\GitHub\Proyectos Escolares\Programacion 2\Proyecto Final Progra2\Proyecto Final Progra2\Programa.cpp(2491,4): message :  Ninguna de las funciones con este nombre en el ámbito coincide con el tipo de destino
C:\Users\MAVA\Documents\GitHub\Proyectos Escolares\Programacion 2\Proyecto Final Progra2\Proyecto Final Progra2\Programa.cpp(2495,4): error C2664:  'INT_PTR DialogBoxParamW(HINSTANCE,LPCWSTR,HWND,DLGPROC,LPARAM)': el argumento 4 no puede convertirse de 'BOOL (__cdecl *)(HWND,UINT,WPARAM,LPARAM)' a 'DLGPROC'
C:\Users\MAVA\Documents\GitHub\Proyectos Escolares\Programacion 2\Proyecto Final Progra2\Proyecto Final Progra2\Programa.cpp(2495,4): message :  Ninguna de las funciones con este nombre en el ámbito coincide con el tipo de destino
C:\Users\MAVA\Documents\GitHub\Proyectos Escolares\Programacion 2\Proyecto Final Progra2\Proyecto Final Progra2\Programa.cpp(2501,4): error C2664:  'INT_PTR DialogBoxParamW(HINSTANCE,LPCWSTR,HWND,DLGPROC,LPARAM)': el argumento 4 no puede convertirse de 'BOOL (__cdecl *)(HWND,UINT,WPARAM,LPARAM)' a 'DLGPROC'
C:\Users\MAVA\Documents\GitHub\Proyectos Escolares\Programacion 2\Proyecto Final Progra2\Proyecto Final Progra2\Programa.cpp(2501,4): message :  Ninguna de las funciones con este nombre en el ámbito coincide con el tipo de destino
C:\Users\MAVA\Documents\GitHub\Proyectos Escolares\Programacion 2\Proyecto Final Progra2\Proyecto Final Progra2\Programa.cpp(2506,4): error C2664:  'INT_PTR DialogBoxParamW(HINSTANCE,LPCWSTR,HWND,DLGPROC,LPARAM)': el argumento 4 no puede convertirse de 'BOOL (__cdecl *)(HWND,UINT,WPARAM,LPARAM)' a 'DLGPROC'
C:\Users\MAVA\Documents\GitHub\Proyectos Escolares\Programacion 2\Proyecto Final Progra2\Proyecto Final Progra2\Programa.cpp(2506,4): message :  Ninguna de las funciones con este nombre en el ámbito coincide con el tipo de destino
C:\Users\MAVA\Documents\GitHub\Proyectos Escolares\Programacion 2\Proyecto Final Progra2\Proyecto Final Progra2\Programa.cpp(2511,4): error C2664:  'INT_PTR DialogBoxParamW(HINSTANCE,LPCWSTR,HWND,DLGPROC,LPARAM)': el argumento 4 no puede convertirse de 'BOOL (__cdecl *)(HWND,UINT,WPARAM,LPARAM)' a 'DLGPROC'
C:\Users\MAVA\Documents\GitHub\Proyectos Escolares\Programacion 2\Proyecto Final Progra2\Proyecto Final Progra2\Programa.cpp(2511,4): message :  Ninguna de las funciones con este nombre en el ámbito coincide con el tipo de destino
C:\Users\MAVA\Documents\GitHub\Proyectos Escolares\Programacion 2\Proyecto Final Progra2\Proyecto Final Progra2\Programa.cpp(2525,17): warning C4244:  'inicializando': conversión de 'LRESULT' a 'int'; posible pérdida de datos
C:\Users\MAVA\Documents\GitHub\Proyectos Escolares\Programacion 2\Proyecto Final Progra2\Proyecto Final Progra2\Programa.cpp(2547,5): error C2664:  'INT_PTR DialogBoxParamW(HINSTANCE,LPCWSTR,HWND,DLGPROC,LPARAM)': el argumento 4 no puede convertirse de 'BOOL (__cdecl *)(HWND,UINT,WPARAM,LPARAM)' a 'DLGPROC'
C:\Users\MAVA\Documents\GitHub\Proyectos Escolares\Programacion 2\Proyecto Final Progra2\Proyecto Final Progra2\Programa.cpp(2547,5): message :  Ninguna de las funciones con este nombre en el ámbito coincide con el tipo de destino
C:\Users\MAVA\Documents\GitHub\Proyectos Escolares\Programacion 2\Proyecto Final Progra2\Proyecto Final Progra2\Programa.cpp(2553,88): error C2664:  'int MessageBoxW(HWND,LPCWSTR,LPCWSTR,UINT)': el argumento 2 no puede convertirse de 'const char [47]' a 'LPCWSTR'
C:\Users\MAVA\Documents\GitHub\Proyectos Escolares\Programacion 2\Proyecto Final Progra2\Proyecto Final Progra2\Programa.cpp(2553,22): message :  Los tipos señalados no están relacionados; la conversión requiere reinterpret_cast, conversión de estilo de C o conversión de estilo de función
C:\Users\MAVA\Documents\GitHub\Proyectos Escolares\Programacion 2\Proyecto Final Progra2\Proyecto Final Progra2\Programa.cpp(2559,17): warning C4244:  'inicializando': conversión de 'LRESULT' a 'int'; posible pérdida de datos
C:\Users\MAVA\Documents\GitHub\Proyectos Escolares\Programacion 2\Proyecto Final Progra2\Proyecto Final Progra2\Programa.cpp(2578,8): error C2664:  'int MessageBoxW(HWND,LPCWSTR,LPCWSTR,UINT)': el argumento 2 no puede convertirse de 'const char [48]' a 'LPCWSTR'
C:\Users\MAVA\Documents\GitHub\Proyectos Escolares\Programacion 2\Proyecto Final Progra2\Proyecto Final Progra2\Programa.cpp(2578,26): message :  Los tipos señalados no están relacionados; la conversión requiere reinterpret_cast, conversión de estilo de C o conversión de estilo de función
C:\Users\MAVA\Documents\GitHub\Proyectos Escolares\Programacion 2\Proyecto Final Progra2\Proyecto Final Progra2\Programa.cpp(2583,80): error C2664:  'int MessageBoxW(HWND,LPCWSTR,LPCWSTR,UINT)': el argumento 2 no puede convertirse de 'const char [40]' a 'LPCWSTR'
C:\Users\MAVA\Documents\GitHub\Proyectos Escolares\Programacion 2\Proyecto Final Progra2\Proyecto Final Progra2\Programa.cpp(2583,23): message :  Los tipos señalados no están relacionados; la conversión requiere reinterpret_cast, conversión de estilo de C o conversión de estilo de función
C:\Users\MAVA\Documents\GitHub\Proyectos Escolares\Programacion 2\Proyecto Final Progra2\Proyecto Final Progra2\Programa.cpp(2588,88): error C2664:  'int MessageBoxW(HWND,LPCWSTR,LPCWSTR,UINT)': el argumento 2 no puede convertirse de 'const char [47]' a 'LPCWSTR'
C:\Users\MAVA\Documents\GitHub\Proyectos Escolares\Programacion 2\Proyecto Final Progra2\Proyecto Final Progra2\Programa.cpp(2588,22): message :  Los tipos señalados no están relacionados; la conversión requiere reinterpret_cast, conversión de estilo de C o conversión de estilo de función
C:\Users\MAVA\Documents\GitHub\Proyectos Escolares\Programacion 2\Proyecto Final Progra2\Proyecto Final Progra2\Programa.cpp(2593,7): error C2664:  'int MessageBoxW(HWND,LPCWSTR,LPCWSTR,UINT)': el argumento 2 no puede convertirse de 'const char [98]' a 'LPCWSTR'
C:\Users\MAVA\Documents\GitHub\Proyectos Escolares\Programacion 2\Proyecto Final Progra2\Proyecto Final Progra2\Programa.cpp(2593,25): message :  Los tipos señalados no están relacionados; la conversión requiere reinterpret_cast, conversión de estilo de C o conversión de estilo de función
C:\Users\MAVA\Documents\GitHub\Proyectos Escolares\Programacion 2\Proyecto Final Progra2\Proyecto Final Progra2\Programa.cpp(2610,4): error C2664:  'int MessageBoxW(HWND,LPCWSTR,LPCWSTR,UINT)': el argumento 2 no puede convertirse de 'const char [410]' a 'LPCWSTR'
C:\Users\MAVA\Documents\GitHub\Proyectos Escolares\Programacion 2\Proyecto Final Progra2\Proyecto Final Progra2\Programa.cpp(2611,5): message :  Los tipos señalados no están relacionados; la conversión requiere reinterpret_cast, conversión de estilo de C o conversión de estilo de función
C:\Users\MAVA\Documents\GitHub\Proyectos Escolares\Programacion 2\Proyecto Final Progra2\Proyecto Final Progra2\Programa.cpp(2632,6): error C2664:  'int MessageBoxW(HWND,LPCWSTR,LPCWSTR,UINT)': el argumento 2 no puede convertirse de 'const char [98]' a 'LPCWSTR'
C:\Users\MAVA\Documents\GitHub\Proyectos Escolares\Programacion 2\Proyecto Final Progra2\Proyecto Final Progra2\Programa.cpp(2632,24): message :  Los tipos señalados no están relacionados; la conversión requiere reinterpret_cast, conversión de estilo de C o conversión de estilo de función
C:\Users\MAVA\Documents\GitHub\Proyectos Escolares\Programacion 2\Proyecto Final Progra2\Proyecto Final Progra2\Programa.cpp(2704,4): error C2664:  'INT_PTR DialogBoxParamW(HINSTANCE,LPCWSTR,HWND,DLGPROC,LPARAM)': el argumento 4 no puede convertirse de 'BOOL (__cdecl *)(HWND,UINT,WPARAM,LPARAM)' a 'DLGPROC'
C:\Users\MAVA\Documents\GitHub\Proyectos Escolares\Programacion 2\Proyecto Final Progra2\Proyecto Final Progra2\Programa.cpp(2704,4): message :  Ninguna de las funciones con este nombre en el ámbito coincide con el tipo de destino
C:\Users\MAVA\Documents\GitHub\Proyectos Escolares\Programacion 2\Proyecto Final Progra2\Proyecto Final Progra2\Programa.cpp(2710,4): error C2664:  'INT_PTR DialogBoxParamW(HINSTANCE,LPCWSTR,HWND,DLGPROC,LPARAM)': el argumento 4 no puede convertirse de 'BOOL (__cdecl *)(HWND,UINT,WPARAM,LPARAM)' a 'DLGPROC'
C:\Users\MAVA\Documents\GitHub\Proyectos Escolares\Programacion 2\Proyecto Final Progra2\Proyecto Final Progra2\Programa.cpp(2710,4): message :  Ninguna de las funciones con este nombre en el ámbito coincide con el tipo de destino
C:\Users\MAVA\Documents\GitHub\Proyectos Escolares\Programacion 2\Proyecto Final Progra2\Proyecto Final Progra2\Programa.cpp(2995,36): warning C4244:  '=': conversión de 'LRESULT' a 'int'; posible pérdida de datos
C:\Users\MAVA\Documents\GitHub\Proyectos Escolares\Programacion 2\Proyecto Final Progra2\Proyecto Final Progra2\Programa.cpp(3037,39): warning C4244:  '=': conversión de 'LRESULT' a 'int'; posible pérdida de datos
C:\Users\MAVA\Documents\GitHub\Proyectos Escolares\Programacion 2\Proyecto Final Progra2\Proyecto Final Progra2\Programa.cpp(3111,4): error C2664:  'INT_PTR DialogBoxParamW(HINSTANCE,LPCWSTR,HWND,DLGPROC,LPARAM)': el argumento 4 no puede convertirse de 'BOOL (__cdecl *)(HWND,UINT,WPARAM,LPARAM)' a 'DLGPROC'
C:\Users\MAVA\Documents\GitHub\Proyectos Escolares\Programacion 2\Proyecto Final Progra2\Proyecto Final Progra2\Programa.cpp(3111,4): message :  Ninguna de las funciones con este nombre en el ámbito coincide con el tipo de destino
C:\Users\MAVA\Documents\GitHub\Proyectos Escolares\Programacion 2\Proyecto Final Progra2\Proyecto Final Progra2\Programa.cpp(3117,4): error C2664:  'INT_PTR DialogBoxParamW(HINSTANCE,LPCWSTR,HWND,DLGPROC,LPARAM)': el argumento 4 no puede convertirse de 'BOOL (__cdecl *)(HWND,UINT,WPARAM,LPARAM)' a 'DLGPROC'
C:\Users\MAVA\Documents\GitHub\Proyectos Escolares\Programacion 2\Proyecto Final Progra2\Proyecto Final Progra2\Programa.cpp(3117,4): message :  Ninguna de las funciones con este nombre en el ámbito coincide con el tipo de destino
C:\Users\MAVA\Documents\GitHub\Proyectos Escolares\Programacion 2\Proyecto Final Progra2\Proyecto Final Progra2\Programa.cpp(3472,42): warning C4244:  '=': conversión de 'LRESULT' a 'int'; posible pérdida de datos
C:\Users\MAVA\Documents\GitHub\Proyectos Escolares\Programacion 2\Proyecto Final Progra2\Proyecto Final Progra2\Programa.cpp(3473,46): warning C4244:  '=': conversión de 'LRESULT' a 'int'; posible pérdida de datos
C:\Users\MAVA\Documents\GitHub\Proyectos Escolares\Programacion 2\Proyecto Final Progra2\Proyecto Final Progra2\Programa.cpp(3474,45): warning C4244:  '=': conversión de 'LRESULT' a 'int'; posible pérdida de datos
C:\Users\MAVA\Documents\GitHub\Proyectos Escolares\Programacion 2\Proyecto Final Progra2\Proyecto Final Progra2\Programa.cpp(3478,17): warning C4244:  'inicializando': conversión de 'LRESULT' a 'int'; posible pérdida de datos
C:\Users\MAVA\Documents\GitHub\Proyectos Escolares\Programacion 2\Proyecto Final Progra2\Proyecto Final Progra2\Programa.cpp(3513,17): warning C4244:  'inicializando': conversión de 'LRESULT' a 'int'; posible pérdida de datos
C:\Users\MAVA\Documents\GitHub\Proyectos Escolares\Programacion 2\Proyecto Final Progra2\Proyecto Final Progra2\Programa.cpp(3541,41): error C2664:  'MCIERROR mciSendStringW(LPCWSTR,LPWSTR,UINT,HWND)': el argumento 1 no puede convertirse de 'const char [9]' a 'LPCWSTR'
C:\Users\MAVA\Documents\GitHub\Proyectos Escolares\Programacion 2\Proyecto Final Progra2\Proyecto Final Progra2\Programa.cpp(3541,19): message :  Los tipos señalados no están relacionados; la conversión requiere reinterpret_cast, conversión de estilo de C o conversión de estilo de función
C:\Users\MAVA\Documents\GitHub\Proyectos Escolares\Programacion 2\Proyecto Final Progra2\Proyecto Final Progra2\Programa.cpp(3542,42): error C2664:  'MCIERROR mciSendStringW(LPCWSTR,LPWSTR,UINT,HWND)': el argumento 1 no puede convertirse de 'const char [10]' a 'LPCWSTR'
C:\Users\MAVA\Documents\GitHub\Proyectos Escolares\Programacion 2\Proyecto Final Progra2\Proyecto Final Progra2\Programa.cpp(3542,19): message :  Los tipos señalados no están relacionados; la conversión requiere reinterpret_cast, conversión de estilo de C o conversión de estilo de función
C:\Users\MAVA\Documents\GitHub\Proyectos Escolares\Programacion 2\Proyecto Final Progra2\Proyecto Final Progra2\Programa.cpp(3543,21): warning C4244:  'inicializando': conversión de 'LRESULT' a 'int'; posible pérdida de datos
C:\Users\MAVA\Documents\GitHub\Proyectos Escolares\Programacion 2\Proyecto Final Progra2\Proyecto Final Progra2\Programa.cpp(3547,42): error C2664:  'MCIERROR mciSendStringW(LPCWSTR,LPWSTR,UINT,HWND)': el argumento 1 no puede convertirse de 'const char [9]' a 'LPCWSTR'
C:\Users\MAVA\Documents\GitHub\Proyectos Escolares\Programacion 2\Proyecto Final Progra2\Proyecto Final Progra2\Programa.cpp(3547,20): message :  Los tipos señalados no están relacionados; la conversión requiere reinterpret_cast, conversión de estilo de C o conversión de estilo de función
C:\Users\MAVA\Documents\GitHub\Proyectos Escolares\Programacion 2\Proyecto Final Progra2\Proyecto Final Progra2\Programa.cpp(3548,43): error C2664:  'MCIERROR mciSendStringW(LPCWSTR,LPWSTR,UINT,HWND)': el argumento 1 no puede convertirse de 'const char [10]' a 'LPCWSTR'
C:\Users\MAVA\Documents\GitHub\Proyectos Escolares\Programacion 2\Proyecto Final Progra2\Proyecto Final Progra2\Programa.cpp(3548,20): message :  Los tipos señalados no están relacionados; la conversión requiere reinterpret_cast, conversión de estilo de C o conversión de estilo de función
C:\Users\MAVA\Documents\GitHub\Proyectos Escolares\Programacion 2\Proyecto Final Progra2\Proyecto Final Progra2\Programa.cpp(3582,43): error C2664:  'MCIERROR mciSendStringW(LPCWSTR,LPWSTR,UINT,HWND)': el argumento 1 no puede convertirse de 'const char [9]' a 'LPCWSTR'
C:\Users\MAVA\Documents\GitHub\Proyectos Escolares\Programacion 2\Proyecto Final Progra2\Proyecto Final Progra2\Programa.cpp(3582,21): message :  Los tipos señalados no están relacionados; la conversión requiere reinterpret_cast, conversión de estilo de C o conversión de estilo de función
C:\Users\MAVA\Documents\GitHub\Proyectos Escolares\Programacion 2\Proyecto Final Progra2\Proyecto Final Progra2\Programa.cpp(3583,44): error C2664:  'MCIERROR mciSendStringW(LPCWSTR,LPWSTR,UINT,HWND)': el argumento 1 no puede convertirse de 'const char [10]' a 'LPCWSTR'
C:\Users\MAVA\Documents\GitHub\Proyectos Escolares\Programacion 2\Proyecto Final Progra2\Proyecto Final Progra2\Programa.cpp(3583,21): message :  Los tipos señalados no están relacionados; la conversión requiere reinterpret_cast, conversión de estilo de C o conversión de estilo de función
C:\Users\MAVA\Documents\GitHub\Proyectos Escolares\Programacion 2\Proyecto Final Progra2\Proyecto Final Progra2\Programa.cpp(3680,94): error C2664:  'int MessageBoxW(HWND,LPCWSTR,LPCWSTR,UINT)': el argumento 2 no puede convertirse de 'const char [27]' a 'LPCWSTR'
C:\Users\MAVA\Documents\GitHub\Proyectos Escolares\Programacion 2\Proyecto Final Progra2\Proyecto Final Progra2\Programa.cpp(3680,23): message :  Los tipos señalados no están relacionados; la conversión requiere reinterpret_cast, conversión de estilo de C o conversión de estilo de función
C:\Users\MAVA\Documents\GitHub\Proyectos Escolares\Programacion 2\Proyecto Final Progra2\Proyecto Final Progra2\Programa.cpp(3689,38): error C2664:  'MCIERROR mciSendStringW(LPCWSTR,LPWSTR,UINT,HWND)': el argumento 1 no puede convertirse de 'char [260]' a 'LPCWSTR'
C:\Users\MAVA\Documents\GitHub\Proyectos Escolares\Programacion 2\Proyecto Final Progra2\Proyecto Final Progra2\Programa.cpp(3689,19): message :  Los tipos señalados no están relacionados; la conversión requiere reinterpret_cast, conversión de estilo de C o conversión de estilo de función
C:\Users\MAVA\Documents\GitHub\Proyectos Escolares\Programacion 2\Proyecto Final Progra2\Proyecto Final Progra2\Programa.cpp(3690,41): error C2664:  'MCIERROR mciSendStringW(LPCWSTR,LPWSTR,UINT,HWND)': el argumento 1 no puede convertirse de 'const char [9]' a 'LPCWSTR'
C:\Users\MAVA\Documents\GitHub\Proyectos Escolares\Programacion 2\Proyecto Final Progra2\Proyecto Final Progra2\Programa.cpp(3690,19): message :  Los tipos señalados no están relacionados; la conversión requiere reinterpret_cast, conversión de estilo de C o conversión de estilo de función
C:\Users\MAVA\Documents\GitHub\Proyectos Escolares\Programacion 2\Proyecto Final Progra2\Proyecto Final Progra2\Programa.cpp(3695,41): error C2664:  'MCIERROR mciSendStringW(LPCWSTR,LPWSTR,UINT,HWND)': el argumento 1 no puede convertirse de 'const char [10]' a 'LPCWSTR'
C:\Users\MAVA\Documents\GitHub\Proyectos Escolares\Programacion 2\Proyecto Final Progra2\Proyecto Final Progra2\Programa.cpp(3695,18): message :  Los tipos señalados no están relacionados; la conversión requiere reinterpret_cast, conversión de estilo de C o conversión de estilo de función
C:\Users\MAVA\Documents\GitHub\Proyectos Escolares\Programacion 2\Proyecto Final Progra2\Proyecto Final Progra2\Programa.cpp(3698,40): error C2664:  'MCIERROR mciSendStringW(LPCWSTR,LPWSTR,UINT,HWND)': el argumento 1 no puede convertirse de 'const char [9]' a 'LPCWSTR'
C:\Users\MAVA\Documents\GitHub\Proyectos Escolares\Programacion 2\Proyecto Final Progra2\Proyecto Final Progra2\Programa.cpp(3698,18): message :  Los tipos señalados no están relacionados; la conversión requiere reinterpret_cast, conversión de estilo de C o conversión de estilo de función
C:\Users\MAVA\Documents\GitHub\Proyectos Escolares\Programacion 2\Proyecto Final Progra2\Proyecto Final Progra2\Programa.cpp(3699,41): error C2664:  'MCIERROR mciSendStringW(LPCWSTR,LPWSTR,UINT,HWND)': el argumento 1 no puede convertirse de 'const char [10]' a 'LPCWSTR'
C:\Users\MAVA\Documents\GitHub\Proyectos Escolares\Programacion 2\Proyecto Final Progra2\Proyecto Final Progra2\Programa.cpp(3699,18): message :  Los tipos señalados no están relacionados; la conversión requiere reinterpret_cast, conversión de estilo de C o conversión de estilo de función
C:\Users\MAVA\Documents\GitHub\Proyectos Escolares\Programacion 2\Proyecto Final Progra2\Proyecto Final Progra2\Programa.cpp(3702,40): error C2664:  'MCIERROR mciSendStringW(LPCWSTR,LPWSTR,UINT,HWND)': el argumento 1 no puede convertirse de 'const char [9]' a 'LPCWSTR'
C:\Users\MAVA\Documents\GitHub\Proyectos Escolares\Programacion 2\Proyecto Final Progra2\Proyecto Final Progra2\Programa.cpp(3702,18): message :  Los tipos señalados no están relacionados; la conversión requiere reinterpret_cast, conversión de estilo de C o conversión de estilo de función
C:\Users\MAVA\Documents\GitHub\Proyectos Escolares\Programacion 2\Proyecto Final Progra2\Proyecto Final Progra2\Programa.cpp(3703,41): error C2664:  'MCIERROR mciSendStringW(LPCWSTR,LPWSTR,UINT,HWND)': el argumento 1 no puede convertirse de 'const char [10]' a 'LPCWSTR'
C:\Users\MAVA\Documents\GitHub\Proyectos Escolares\Programacion 2\Proyecto Final Progra2\Proyecto Final Progra2\Programa.cpp(3703,18): message :  Los tipos señalados no están relacionados; la conversión requiere reinterpret_cast, conversión de estilo de C o conversión de estilo de función
C:\Users\MAVA\Documents\GitHub\Proyectos Escolares\Programacion 2\Proyecto Final Progra2\Proyecto Final Progra2\Programa.cpp(3708,15): warning C4244:  'inicializando': conversión de 'LRESULT' a 'int'; posible pérdida de datos
C:\Users\MAVA\Documents\GitHub\Proyectos Escolares\Programacion 2\Proyecto Final Progra2\Proyecto Final Progra2\Programa.cpp(3724,32): warning C4244:  '=': conversión de 'LRESULT' a 'int'; posible pérdida de datos
C:\Users\MAVA\Documents\GitHub\Proyectos Escolares\Programacion 2\Proyecto Final Progra2\Proyecto Final Progra2\Programa.cpp(3955,14): warning C4244:  'inicializando': conversión de 'LRESULT' a 'int'; posible pérdida de datos
C:\Users\MAVA\Documents\GitHub\Proyectos Escolares\Programacion 2\Proyecto Final Progra2\Proyecto Final Progra2\Programa.cpp(4081,43): error C2664:  'MCIERROR mciSendStringW(LPCWSTR,LPWSTR,UINT,HWND)': el argumento 1 no puede convertirse de 'const char [9]' a 'LPCWSTR'
C:\Users\MAVA\Documents\GitHub\Proyectos Escolares\Programacion 2\Proyecto Final Progra2\Proyecto Final Progra2\Programa.cpp(4081,21): message :  Los tipos señalados no están relacionados; la conversión requiere reinterpret_cast, conversión de estilo de C o conversión de estilo de función
C:\Users\MAVA\Documents\GitHub\Proyectos Escolares\Programacion 2\Proyecto Final Progra2\Proyecto Final Progra2\Programa.cpp(4082,44): error C2664:  'MCIERROR mciSendStringW(LPCWSTR,LPWSTR,UINT,HWND)': el argumento 1 no puede convertirse de 'const char [10]' a 'LPCWSTR'
C:\Users\MAVA\Documents\GitHub\Proyectos Escolares\Programacion 2\Proyecto Final Progra2\Proyecto Final Progra2\Programa.cpp(4082,21): message :  Los tipos señalados no están relacionados; la conversión requiere reinterpret_cast, conversión de estilo de C o conversión de estilo de función
C:\Users\MAVA\Documents\GitHub\Proyectos Escolares\Programacion 2\Proyecto Final Progra2\Proyecto Final Progra2\Programa.cpp(4104,101): error C2664:  'int MessageBoxW(HWND,LPCWSTR,LPCWSTR,UINT)': el argumento 2 no puede convertirse de 'const char [39]' a 'LPCWSTR'
C:\Users\MAVA\Documents\GitHub\Proyectos Escolares\Programacion 2\Proyecto Final Progra2\Proyecto Final Progra2\Programa.cpp(4104,24): message :  Los tipos señalados no están relacionados; la conversión requiere reinterpret_cast, conversión de estilo de C o conversión de estilo de función
C:\Users\MAVA\Documents\GitHub\Proyectos Escolares\Programacion 2\Proyecto Final Progra2\Proyecto Final Progra2\Programa.cpp(4109,127): error C2664:  'int MessageBoxW(HWND,LPCWSTR,LPCWSTR,UINT)': el argumento 2 no puede convertirse de 'const char [64]' a 'LPCWSTR'
C:\Users\MAVA\Documents\GitHub\Proyectos Escolares\Programacion 2\Proyecto Final Progra2\Proyecto Final Progra2\Programa.cpp(4109,24): message :  Los tipos señalados no están relacionados; la conversión requiere reinterpret_cast, conversión de estilo de C o conversión de estilo de función
C:\Users\MAVA\Documents\GitHub\Proyectos Escolares\Programacion 2\Proyecto Final Progra2\Proyecto Final Progra2\Programa.cpp(4114,135): error C2664:  'int MessageBoxW(HWND,LPCWSTR,LPCWSTR,UINT)': el argumento 2 no puede convertirse de 'const char [73]' a 'LPCWSTR'
C:\Users\MAVA\Documents\GitHub\Proyectos Escolares\Programacion 2\Proyecto Final Progra2\Proyecto Final Progra2\Programa.cpp(4114,23): message :  Los tipos señalados no están relacionados; la conversión requiere reinterpret_cast, conversión de estilo de C o conversión de estilo de función
C:\Users\MAVA\Documents\GitHub\Proyectos Escolares\Programacion 2\Proyecto Final Progra2\Proyecto Final Progra2\Programa.cpp(4119,41): error C2664:  'MCIERROR mciSendStringW(LPCWSTR,LPWSTR,UINT,HWND)': el argumento 1 no puede convertirse de 'const char [9]' a 'LPCWSTR'
C:\Users\MAVA\Documents\GitHub\Proyectos Escolares\Programacion 2\Proyecto Final Progra2\Proyecto Final Progra2\Programa.cpp(4119,19): message :  Los tipos señalados no están relacionados; la conversión requiere reinterpret_cast, conversión de estilo de C o conversión de estilo de función
C:\Users\MAVA\Documents\GitHub\Proyectos Escolares\Programacion 2\Proyecto Final Progra2\Proyecto Final Progra2\Programa.cpp(4120,42): error C2664:  'MCIERROR mciSendStringW(LPCWSTR,LPWSTR,UINT,HWND)': el argumento 1 no puede convertirse de 'const char [10]' a 'LPCWSTR'
C:\Users\MAVA\Documents\GitHub\Proyectos Escolares\Programacion 2\Proyecto Final Progra2\Proyecto Final Progra2\Programa.cpp(4120,19): message :  Los tipos señalados no están relacionados; la conversión requiere reinterpret_cast, conversión de estilo de C o conversión de estilo de función
C:\Users\MAVA\Documents\GitHub\Proyectos Escolares\Programacion 2\Proyecto Final Progra2\Proyecto Final Progra2\Programa.cpp(4121,104): error C2664:  'int MessageBoxW(HWND,LPCWSTR,LPCWSTR,UINT)': el argumento 2 no puede convertirse de 'const char [44]' a 'LPCWSTR'
C:\Users\MAVA\Documents\GitHub\Proyectos Escolares\Programacion 2\Proyecto Final Progra2\Proyecto Final Progra2\Programa.cpp(4121,22): message :  Los tipos señalados no están relacionados; la conversión requiere reinterpret_cast, conversión de estilo de C o conversión de estilo de función
C:\Users\MAVA\Documents\GitHub\Proyectos Escolares\Programacion 2\Proyecto Final Progra2\Proyecto Final Progra2\Programa.cpp(4130,39): error C2664:  'MCIERROR mciSendStringW(LPCWSTR,LPWSTR,UINT,HWND)': el argumento 1 no puede convertirse de 'const char [9]' a 'LPCWSTR'
C:\Users\MAVA\Documents\GitHub\Proyectos Escolares\Programacion 2\Proyecto Final Progra2\Proyecto Final Progra2\Programa.cpp(4130,17): message :  Los tipos señalados no están relacionados; la conversión requiere reinterpret_cast, conversión de estilo de C o conversión de estilo de función
C:\Users\MAVA\Documents\GitHub\Proyectos Escolares\Programacion 2\Proyecto Final Progra2\Proyecto Final Progra2\Programa.cpp(4131,40): error C2664:  'MCIERROR mciSendStringW(LPCWSTR,LPWSTR,UINT,HWND)': el argumento 1 no puede convertirse de 'const char [10]' a 'LPCWSTR'
C:\Users\MAVA\Documents\GitHub\Proyectos Escolares\Programacion 2\Proyecto Final Progra2\Proyecto Final Progra2\Programa.cpp(4131,17): message :  Los tipos señalados no están relacionados; la conversión requiere reinterpret_cast, conversión de estilo de C o conversión de estilo de función
C:\Users\MAVA\Documents\GitHub\Proyectos Escolares\Programacion 2\Proyecto Final Progra2\Proyecto Final Progra2\Programa.cpp(4152,106): error C2664:  'HANDLE LoadImageW(HINSTANCE,LPCWSTR,UINT,int,int,UINT)': el argumento 2 no puede convertirse de 'char [260]' a 'LPCWSTR'
C:\Users\MAVA\Documents\GitHub\Proyectos Escolares\Programacion 2\Proyecto Final Progra2\Proyecto Final Progra2\Programa.cpp(4152,35): message :  Los tipos señalados no están relacionados; la conversión requiere reinterpret_cast, conversión de estilo de C o conversión de estilo de función
C:\Users\MAVA\Documents\GitHub\Proyectos Escolares\Programacion 2\Proyecto Final Progra2\Proyecto Final Progra2\Programa.cpp(4250,8): error C2664:  'int MessageBoxW(HWND,LPCWSTR,LPCWSTR,UINT)': el argumento 2 no puede convertirse de 'const char [96]' a 'LPCWSTR'
C:\Users\MAVA\Documents\GitHub\Proyectos Escolares\Programacion 2\Proyecto Final Progra2\Proyecto Final Progra2\Programa.cpp(4250,26): message :  Los tipos señalados no están relacionados; la conversión requiere reinterpret_cast, conversión de estilo de C o conversión de estilo de función
C:\Users\MAVA\Documents\GitHub\Proyectos Escolares\Programacion 2\Proyecto Final Progra2\Proyecto Final Progra2\Programa.cpp(4385,31): warning C4244:  'inicializando': conversión de 'LRESULT' a 'int'; posible pérdida de datos
C:\Users\MAVA\Documents\GitHub\Proyectos Escolares\Programacion 2\Proyecto Final Progra2\Proyecto Final Progra2\Programa.cpp(4505,64): error C2664:  'int MessageBoxW(HWND,LPCWSTR,LPCWSTR,UINT)': el argumento 2 no puede convertirse de 'char [900]' a 'LPCWSTR'
C:\Users\MAVA\Documents\GitHub\Proyectos Escolares\Programacion 2\Proyecto Final Progra2\Proyecto Final Progra2\Programa.cpp(4505,24): message :  Los tipos señalados no están relacionados; la conversión requiere reinterpret_cast, conversión de estilo de C o conversión de estilo de función
C:\Users\MAVA\Documents\GitHub\Proyectos Escolares\Programacion 2\Proyecto Final Progra2\Proyecto Final Progra2\Programa.cpp(4523,31): warning C4244:  'inicializando': conversión de 'LRESULT' a 'int'; posible pérdida de datos
C:\Users\MAVA\Documents\GitHub\Proyectos Escolares\Programacion 2\Proyecto Final Progra2\Proyecto Final Progra2\Programa.cpp(4641,4): error C2664:  'INT_PTR DialogBoxParamW(HINSTANCE,LPCWSTR,HWND,DLGPROC,LPARAM)': el argumento 4 no puede convertirse de 'BOOL (__cdecl *)(HWND,UINT,WPARAM,LPARAM)' a 'DLGPROC'
C:\Users\MAVA\Documents\GitHub\Proyectos Escolares\Programacion 2\Proyecto Final Progra2\Proyecto Final Progra2\Programa.cpp(4641,4): message :  Ninguna de las funciones con este nombre en el ámbito coincide con el tipo de destino
C:\Users\MAVA\Documents\GitHub\Proyectos Escolares\Programacion 2\Proyecto Final Progra2\Proyecto Final Progra2\Programa.cpp(4661,5): error C2664:  'INT_PTR DialogBoxParamW(HINSTANCE,LPCWSTR,HWND,DLGPROC,LPARAM)': el argumento 4 no puede convertirse de 'BOOL (__cdecl *)(HWND,UINT,WPARAM,LPARAM)' a 'DLGPROC'
C:\Users\MAVA\Documents\GitHub\Proyectos Escolares\Programacion 2\Proyecto Final Progra2\Proyecto Final Progra2\Programa.cpp(4661,5): message :  Ninguna de las funciones con este nombre en el ámbito coincide con el tipo de destino
C:\Users\MAVA\Documents\GitHub\Proyectos Escolares\Programacion 2\Proyecto Final Progra2\Proyecto Final Progra2\Programa.cpp(4667,7): error C2664:  'int MessageBoxW(HWND,LPCWSTR,LPCWSTR,UINT)': el argumento 2 no puede convertirse de 'const char [47]' a 'LPCWSTR'
C:\Users\MAVA\Documents\GitHub\Proyectos Escolares\Programacion 2\Proyecto Final Progra2\Proyecto Final Progra2\Programa.cpp(4667,25): message :  Los tipos señalados no están relacionados; la conversión requiere reinterpret_cast, conversión de estilo de C o conversión de estilo de función
C:\Users\MAVA\Documents\GitHub\Proyectos Escolares\Programacion 2\Proyecto Final Progra2\Proyecto Final Progra2\Programa.cpp(4670,13): warning C4244:  'inicializando': conversión de 'LRESULT' a 'int'; posible pérdida de datos
C:\Users\MAVA\Documents\GitHub\Proyectos Escolares\Programacion 2\Proyecto Final Progra2\Proyecto Final Progra2\Programa.cpp(4678,100): error C2664:  'int MessageBoxW(HWND,LPCWSTR,LPCWSTR,UINT)': el argumento 2 no puede convertirse de 'const char [38]' a 'LPCWSTR'
C:\Users\MAVA\Documents\GitHub\Proyectos Escolares\Programacion 2\Proyecto Final Progra2\Proyecto Final Progra2\Programa.cpp(4678,24): message :  Los tipos señalados no están relacionados; la conversión requiere reinterpret_cast, conversión de estilo de C o conversión de estilo de función
C:\Users\MAVA\Documents\GitHub\Proyectos Escolares\Programacion 2\Proyecto Final Progra2\Proyecto Final Progra2\Programa.cpp(4694,7): error C2664:  'int MessageBoxW(HWND,LPCWSTR,LPCWSTR,UINT)': el argumento 2 no puede convertirse de 'const char [53]' a 'LPCWSTR'
C:\Users\MAVA\Documents\GitHub\Proyectos Escolares\Programacion 2\Proyecto Final Progra2\Proyecto Final Progra2\Programa.cpp(4694,25): message :  Los tipos señalados no están relacionados; la conversión requiere reinterpret_cast, conversión de estilo de C o conversión de estilo de función
C:\Users\MAVA\Documents\GitHub\Proyectos Escolares\Programacion 2\Proyecto Final Progra2\Proyecto Final Progra2\Programa.cpp(4707,88): error C2664:  'int MessageBoxW(HWND,LPCWSTR,LPCWSTR,UINT)': el argumento 2 no puede convertirse de 'const char [49]' a 'LPCWSTR'
C:\Users\MAVA\Documents\GitHub\Proyectos Escolares\Programacion 2\Proyecto Final Progra2\Proyecto Final Progra2\Programa.cpp(4707,22): message :  Los tipos señalados no están relacionados; la conversión requiere reinterpret_cast, conversión de estilo de C o conversión de estilo de función
C:\Users\MAVA\Documents\GitHub\Proyectos Escolares\Programacion 2\Proyecto Final Progra2\Proyecto Final Progra2\Programa.cpp(5027,38): error C2664:  'MCIERROR mciSendStringW(LPCWSTR,LPWSTR,UINT,HWND)': el argumento 1 no puede convertirse de 'char [260]' a 'LPCWSTR'
C:\Users\MAVA\Documents\GitHub\Proyectos Escolares\Programacion 2\Proyecto Final Progra2\Proyecto Final Progra2\Programa.cpp(5027,19): message :  Los tipos señalados no están relacionados; la conversión requiere reinterpret_cast, conversión de estilo de C o conversión de estilo de función
C:\Users\MAVA\Documents\GitHub\Proyectos Escolares\Programacion 2\Proyecto Final Progra2\Proyecto Final Progra2\Programa.cpp(5028,41): error C2664:  'MCIERROR mciSendStringW(LPCWSTR,LPWSTR,UINT,HWND)': el argumento 1 no puede convertirse de 'const char [9]' a 'LPCWSTR'
C:\Users\MAVA\Documents\GitHub\Proyectos Escolares\Programacion 2\Proyecto Final Progra2\Proyecto Final Progra2\Programa.cpp(5028,19): message :  Los tipos señalados no están relacionados; la conversión requiere reinterpret_cast, conversión de estilo de C o conversión de estilo de función
C:\Users\MAVA\Documents\GitHub\Proyectos Escolares\Programacion 2\Proyecto Final Progra2\Proyecto Final Progra2\Programa.cpp(5030,5): error C2664:  'INT_PTR DialogBoxParamW(HINSTANCE,LPCWSTR,HWND,DLGPROC,LPARAM)': el argumento 4 no puede convertirse de 'BOOL (__cdecl *)(HWND,UINT,WPARAM,LPARAM)' a 'DLGPROC'
C:\Users\MAVA\Documents\GitHub\Proyectos Escolares\Programacion 2\Proyecto Final Progra2\Proyecto Final Progra2\Programa.cpp(5030,5): error C1003:  el recuento de errores supera 100; se detiene la compilación
